ASxxxx Assembler V02.00 + NoICE + SDCC mods  (Zilog Z80 / Hitachi HD64180), page 1.
Hexadecimal [16-Bits]



                              1 ;;;
                              2 ;;; File generated by cpct_aks2c CPCtelera script
                              3 ;;; Souce file of this conversion: music/ingame.aks
                              4 ;;; Generation time: mié oct 30 23:26:55 CET 2019
                              5 ;;;
                              6 
                              7 ;;; Set absolute memory addressing
                              8 .area __ingame (ABS)
   40A4                       9 .org 0x40A4
                             10 
                             11 ;;; Music data start (325 bytes)
                             12 ;;;
   40A4                      13 _ingame::
   40A4 41 54 31 30 01 40    14 .db 0x41, 0x54, 0x31, 0x30, 0x01, 0x40, 0x42, 0x0f, 0x02, 0x06, 0x53, 0x00, 0xb8, 0x40, 0xc1, 0x40
        42 0F 02 06 53 00
        B8 40 C1 40
   40B4 E1 40 F2 40 00 00    15 .db 0xe1, 0x40, 0xf2, 0x40, 0x00, 0x00, 0x00, 0x00, 0x00, 0x00, 0x0d, 0xba, 0x40, 0x01, 0x00, 0x2a
        00 00 00 00 0D BA
        40 01 00 2A
   40C4 28 26 26 22 25 1E    16 .db 0x28, 0x26, 0x26, 0x22, 0x25, 0x1e, 0x29, 0x1a, 0x36, 0x16, 0x3b, 0x12, 0x29, 0x0e, 0x29, 0x0a
        29 1A 36 16 3B 12
        29 0E 29 0A
   40D4 3A 06 31 06 25 06    17 .db 0x3a, 0x06, 0x31, 0x06, 0x25, 0x06, 0x36, 0x0c, 0x08, 0x04, 0x0d, 0xba, 0x40, 0x01, 0x00, 0x28
        36 0C 08 04 0D BA
        40 01 00 28
   40E4 28 28 28 28 28 28    18 .db 0x28, 0x28, 0x28, 0x28, 0x28, 0x28, 0x28, 0x28, 0x28, 0x28, 0x28, 0x0d, 0xba, 0x40, 0x01, 0x00
        28 28 28 28 28 0D
        BA 40 01 00
   40F4 2C 2C 2C 2C 2C 2C    19 .db 0x2c, 0x2c, 0x2c, 0x2c, 0x2c, 0x2c, 0x2c, 0x2c, 0x2c, 0x2c, 0x2c, 0x2c, 0x0d, 0xba, 0x40, 0x40
        2C 2C 2C 2C 2C 2C
        0D BA 40 40
   4104 00 00 00 13 41 00    20 .db 0x00, 0x00, 0x00, 0x13, 0x41, 0x00, 0x14, 0x41, 0x58, 0x41, 0xa5, 0x41, 0x01, 0x09, 0x41, 0x00
        14 41 58 41 A5 41
        01 09 41 00
   4114 5E E0 00 00 01 02    21 .db 0x5e, 0xe0, 0x00, 0x00, 0x01, 0x02, 0x7f, 0x75, 0x1f, 0x02, 0x7f, 0x75, 0x1f, 0x02, 0x7f, 0x75
        7F 75 1F 02 7F 75
        1F 02 7F 75
   4124 1F 02 7F 75 1F 02    22 .db 0x1f, 0x02, 0x7f, 0x75, 0x1f, 0x02, 0x7f, 0x75, 0x1f, 0x02, 0x7f, 0x75, 0x1f, 0x02, 0x7f, 0x75
        7F 75 1F 02 7F 75
        1F 02 7F 75
   4134 1F 02 7F 75 23 02    23 .db 0x1f, 0x02, 0x7f, 0x75, 0x23, 0x02, 0x83, 0x79, 0x23, 0x02, 0x83, 0x79, 0x23, 0x02, 0x83, 0x79
        83 79 23 02 83 79
        23 02 83 79
   4144 23 02 83 79 23 02    24 .db 0x23, 0x02, 0x83, 0x79, 0x23, 0x02, 0x83, 0x79, 0x23, 0x02, 0x83, 0x79, 0x23, 0x02, 0x83, 0x79
        83 79 23 02 83 79
        23 02 83 79
   4154 23 02 83 79 A6 E0    25 .db 0x23, 0x02, 0x83, 0x79, 0xa6, 0xe0, 0x00, 0x00, 0x02, 0x42, 0x00, 0x7f, 0x73, 0x67, 0x42, 0x00
        00 00 02 42 00 7F
        73 67 42 00
   4164 7F 73 67 42 00 7F    26 .db 0x7f, 0x73, 0x67, 0x42, 0x00, 0x7f, 0x73, 0x67, 0x42, 0x00, 0x7f, 0x73, 0x67, 0x42, 0x00, 0x7f
        73 67 42 00 7F 73
        67 42 00 7F
   4174 73 67 42 00 7F 73    27 .db 0x73, 0x67, 0x42, 0x00, 0x7f, 0x73, 0x67, 0x42, 0x00, 0x7f, 0x73, 0x67, 0x42, 0x00, 0x7f, 0x73
        67 42 00 7F 73 67
        42 00 7F 73
ASxxxx Assembler V02.00 + NoICE + SDCC mods  (Zilog Z80 / Hitachi HD64180), page 2.
Hexadecimal [16-Bits]



   4184 6B 42 00 83 77 6B    28 .db 0x6b, 0x42, 0x00, 0x83, 0x77, 0x6b, 0x02, 0x83, 0x77, 0x6b, 0x02, 0x83, 0x77, 0x6b, 0x02, 0x83
        02 83 77 6B 02 83
        77 6B 02 83
   4194 77 6B 02 83 77 6B    29 .db 0x77, 0x6b, 0x02, 0x83, 0x77, 0x6b, 0x02, 0x83, 0x77, 0x6b, 0x02, 0x83, 0x77, 0x6b, 0x02, 0x83
        02 83 77 6B 02 83
        77 6B 02 83
   41A4 77 A6 E0 00 00 03    30 .db 0x77, 0xa6, 0xe0, 0x00, 0x00, 0x03, 0x67, 0x67, 0x67, 0x67, 0x67, 0x6b, 0x6b, 0x6f, 0x6f, 0x6f
        67 67 67 67 67 6B
        6B 6F 6F 6F
   41B4 6F 6F 6F 75 75 73    31 .db 0x6f, 0x6f, 0x6f, 0x75, 0x75, 0x73, 0x73, 0x73, 0x73, 0x73, 0x73, 0x6f, 0x6f, 0x75, 0x75, 0x75
        73 73 73 73 73 6F
        6F 75 75 75
   41C4 75 75 75 6F 6F 6B    32 .db 0x75, 0x75, 0x75, 0x6f, 0x6f, 0x6b, 0x6b, 0x6b, 0x6b, 0x6b, 0x6b, 0x6f, 0x6f, 0x73, 0x73, 0x73
        6B 6B 6B 6B 6B 6F
        6F 73 73 73
   41D4 73 73 73 79 79 77    33 .db 0x73, 0x73, 0x73, 0x79, 0x79, 0x77, 0x77, 0x77, 0x77, 0x77, 0x77, 0x73, 0x73, 0x6f, 0x6f, 0x6f
        77 77 77 77 77 73
        73 6F 6F 6F
   41E4 6F 6F 6F 6B 6B       34 .db 0x6f, 0x6f, 0x6f, 0x6b, 0x6b
